[debug] [2018-06-19T09:27:48.230Z] ----------------------------------------------------------------------
[debug] [2018-06-19T09:27:48.235Z] Command:       C:\Program Files\nodejs\node.exe C:\Users\sean\AppData\Roaming\npm\node_modules\firebase-tools\bin\firebase deploy
[debug] [2018-06-19T09:27:48.235Z] CLI Version:   3.18.6
[debug] [2018-06-19T09:27:48.235Z] Platform:      win32
[debug] [2018-06-19T09:27:48.236Z] Node Version:  v8.11.2
[debug] [2018-06-19T09:27:48.237Z] Time:          Tue Jun 19 2018 10:27:48 GMT+0100 (GMT Daylight Time)
[debug] [2018-06-19T09:27:48.237Z] ----------------------------------------------------------------------
[debug] 
[debug] [2018-06-19T09:27:48.272Z] > command requires scopes: ["email","openid","https://www.googleapis.com/auth/cloudplatformprojects.readonly","https://www.googleapis.com/auth/firebase","https://www.googleapis.com/auth/cloud-platform"]
[debug] [2018-06-19T09:27:48.275Z] > authorizing via signed-in user
[debug] [2018-06-19T09:27:48.279Z] > refreshing access token with scopes: ["email","https://www.googleapis.com/auth/cloud-platform","https://www.googleapis.com/auth/cloudplatformprojects.readonly","https://www.googleapis.com/auth/firebase","openid"]
[debug] [2018-06-19T09:27:48.280Z] >>> HTTP REQUEST POST https://www.googleapis.com/oauth2/v3/token  
 { refresh_token: '1/OLEh5Sd-lhGNAhrwdTvUMWEKjX4TzsnPBZ2qQqqxncY',
  client_id: '563584335869-fgrhgmd47bqnekij5i8b5pr03ho849e6.apps.googleusercontent.com',
  client_secret: 'j9iVZfS8kkCEFUPaAeJV0sAi',
  grant_type: 'refresh_token',
  scope: 'email https://www.googleapis.com/auth/cloud-platform https://www.googleapis.com/auth/cloudplatformprojects.readonly https://www.googleapis.com/auth/firebase openid' } 
 Tue Jun 19 2018 10:27:48 GMT+0100 (GMT Daylight Time)
[debug] [2018-06-19T09:27:48.531Z] <<< HTTP RESPONSE 200
[debug] [2018-06-19T09:27:48.710Z] >>> HTTP REQUEST GET https://admin.firebase.com/v1/projects/fir-web-login-f0757  
  
 Tue Jun 19 2018 10:27:48 GMT+0100 (GMT Daylight Time)
[debug] [2018-06-19T09:27:49.391Z] <<< HTTP RESPONSE 200
[debug] [2018-06-19T09:27:49.393Z] >>> HTTP REQUEST GET https://admin.firebase.com/v1/database/fir-web-login-f0757/tokens  
  
 Tue Jun 19 2018 10:27:49 GMT+0100 (GMT Daylight Time)
[debug] [2018-06-19T09:27:49.929Z] <<< HTTP RESPONSE 200
